Installing 4 packages: rlang, xfun, evaluate, downlit
Cloning into 'dotfiles'...
find: ‘/scratch/ibp5092/simStateSpace/src’: No such file or directory
First time using roxygen2. Upgrading automatically...
Setting `RoxygenNote` to "7.3.1"
ℹ Loading simStateSpace
ℹ Re-compiling simStateSpace (debug build)
Writing 'LinSDE2SSM.Rd'
Writing 'SimBetaN.Rd'
Writing 'SimPhiN.Rd'
Writing 'TestPhi.Rd'
Writing 'TestStability.Rd'
Writing 'TestStationarity.Rd'
Writing 'as.data.frame.simstatespace.Rd'
Writing 'as.matrix.simstatespace.Rd'
Writing 'plot.simstatespace.Rd'
Writing 'print.simstatespace.Rd'
Writing 'simStateSpace-package.Rd'
Writing 'SimSSMFixed.Rd'
Writing 'SimSSMIVary.Rd'
Writing 'SimSSMLinGrowthIVary.Rd'
Writing 'SimSSMLinGrowth.Rd'
Writing 'SimSSMLinSDEFixed.Rd'
Writing 'SimSSMLinSDEIVary.Rd'
Writing 'SimSSMOUFixed.Rd'
Writing 'SimSSMOUIVary.Rd'
Writing 'SimSSMVARFixed.Rd'
Writing 'SimSSMVARIVary.Rd'
ℹ Updating simStateSpace documentation
ℹ Loading simStateSpace
Writing 'NAMESPACE'
ℹ Updating simStateSpace documentation
ℹ Loading simStateSpace
Error: R CMD check found ERRORs
Execution halted
make: *** [Makefile:72: vignettes] Error 1
Cloning into 'simStateSpace'...
