Cloning into 'dotfiles'...
ℹ No lints found.
ℹ Loading simStateSpace
ℹ Re-compiling simStateSpace (debug build)
ℹ Updating simStateSpace documentation
ℹ Loading simStateSpace
Writing 'NAMESPACE'
ℹ Updating simStateSpace documentation
ℹ Loading simStateSpace


processing file: /scratch/ibp5092/simStateSpace/vignettes/var.Rmd.orig
output file: /scratch/ibp5092/simStateSpace/vignettes/var.Rmd

ℹ Loading simStateSpace
ℹ Re-compiling simStateSpace (debug build)
ℹ Updating simStateSpace documentation
ℹ Loading simStateSpace
Writing 'NAMESPACE'
ℹ Updating simStateSpace documentation
ℹ Loading simStateSpace


processing file: README.Rmd
output file: README.knit.md


Preview created: /scratch/ibp5092/simStateSpace/README.html

Output created: README.md
Converting parsed Rd's to LaTeX ...
Warning in texi2dvi(file = file, pdf = TRUE, clean = clean, quiet = quiet,  :
  texi2dvi script/program not available, using emulation
This is makeindex, version 2.17 [TeX Live 2025] (kpathsea + Thai support).
Scanning input file Rd2.idx....done (925 entries accepted, 0 rejected).
Sorting entries..........done (10137 comparisons).
Generating output file Rd2.ind....done (590 lines written, 7 warnings).
Output written in Rd2.ind.
Transcript written in Rd2.ilg.
This is makeindex, version 2.17 [TeX Live 2025] (kpathsea + Thai support).
Scanning input file Rd2.idx....done (925 entries accepted, 0 rejected).
Sorting entries..........done (10142 comparisons).
Generating output file Rd2.ind....done (589 lines written, 9 warnings).
Output written in Rd2.ind.
Transcript written in Rd2.ilg.
sh: 1: /usr/bin/xdg-open: not found
Warning in system(paste(preview, output)) : error in running command
✔ 'CITATION.cff' generated
✔ Congratulations! 'CITATION.cff' is valid


processing file: /scratch/ibp5092/simStateSpace/.setup/latex/simStateSpace-001-description.Rtex
output file: /scratch/ibp5092/simStateSpace/detritus/tex/simStateSpace-001-description.tex



processing file: /scratch/ibp5092/simStateSpace/.setup/latex/simStateSpace-999-session.Rtex
output file: /scratch/ibp5092/simStateSpace/detritus/tex/simStateSpace-999-session.tex



processing file: /scratch/ibp5092/simStateSpace/.setup/latex/simStateSpace-zzz-references.Rtex
output file: /scratch/ibp5092/simStateSpace/detritus/tex/simStateSpace-zzz-references.tex



processing file: /scratch/ibp5092/simStateSpace/.setup/latex/simStateSpace-zzz-tests-benchmark.Rtex
output file: /scratch/ibp5092/simStateSpace/detritus/tex/simStateSpace-zzz-tests-benchmark.tex



processing file: /scratch/ibp5092/simStateSpace/.setup/latex/simStateSpace-zzz-tests-external.Rtex
output file: /scratch/ibp5092/simStateSpace/detritus/tex/simStateSpace-zzz-tests-external.tex



processing file: /scratch/ibp5092/simStateSpace/.setup/latex/simStateSpace-zzz-tests-internal.Rtex
output file: /scratch/ibp5092/simStateSpace/detritus/tex/simStateSpace-zzz-tests-internal.tex



processing file: /scratch/ibp5092/simStateSpace/.setup/latex/simStateSpace-zzz-tests-staging.Rtex
output file: /scratch/ibp5092/simStateSpace/detritus/tex/simStateSpace-zzz-tests-staging.tex

Use of uninitialized value in concatenation (.) or string at (eval 9) line 1.
Latexmk: Missing bbl file '.setup/latex/pdf/simStateSpace-001-description.bbl' in following:
 No file simStateSpace-001-description.bbl.
Latexmk: Missing bbl file '.setup/latex/pdf/simStateSpace-999-session.bbl' in following:
 No file simStateSpace-999-session.bbl.
Latexmk: Missing bbl file '.setup/latex/pdf/simStateSpace-zzz-references.bbl' in following:
 No file simStateSpace-zzz-references.bbl.
Latexmk: Missing bbl file '.setup/latex/pdf/simStateSpace-zzz-tests-benchmark.bbl' in following:
 No file simStateSpace-zzz-tests-benchmark.bbl.
Latexmk: Missing bbl file '.setup/latex/pdf/simStateSpace-zzz-tests-external.bbl' in following:
 No file simStateSpace-zzz-tests-external.bbl.
Latexmk: Missing bbl file '.setup/latex/pdf/simStateSpace-zzz-tests-internal.bbl' in following:
 No file simStateSpace-zzz-tests-internal.bbl.
Latexmk: Missing bbl file '.setup/latex/pdf/simStateSpace-zzz-tests-staging.bbl' in following:
 No file simStateSpace-zzz-tests-staging.bbl.

------------
Latexmk: Some operations failed, for the following tex file(s)
  /scratch/ibp5092/simStateSpace/detritus/tex/simStateSpace-zzz-references.tex
── Installing package simStateSpace into temporary library ─────────────────────
── Finished building pkgdown site for package simStateSpace ────────────────────
No 'qmd' files found in /scratch/ibp5092/simStateSpace or /scratch/ibp5092/simStateSpace/.setup/quarto.
Cloning into 'simStateSpace'...
